<?xml version="1.0" encoding="UTF-8"?>
<testsuite name="com.group.libraryapp.domain.PersonServiceTest" tests="1" skipped="0" failures="0" errors="0" timestamp="2023-12-03T08:06:10" hostname="Anthonyui-MacBookPro.local" time="2.137">
  <properties/>
  <testcase name="연관관계 편의 메서드 테스트 입니다." classname="com.group.libraryapp.domain.PersonServiceTest" time="2.137"/>
  <system-out><![CDATA[17:06:06.232 [Test worker] DEBUG org.springframework.test.context.BootstrapUtils - Instantiating CacheAwareContextLoaderDelegate from class [org.springframework.test.context.cache.DefaultCacheAwareContextLoaderDelegate]
17:06:06.241 [Test worker] DEBUG org.springframework.test.context.BootstrapUtils - Instantiating BootstrapContext using constructor [public org.springframework.test.context.support.DefaultBootstrapContext(java.lang.Class,org.springframework.test.context.CacheAwareContextLoaderDelegate)]
17:06:06.271 [Test worker] DEBUG org.springframework.test.context.BootstrapUtils - Instantiating TestContextBootstrapper for test class [com.group.libraryapp.domain.PersonServiceTest] from class [org.springframework.boot.test.context.SpringBootTestContextBootstrapper]
17:06:06.279 [Test worker] INFO org.springframework.boot.test.context.SpringBootTestContextBootstrapper - Neither @ContextConfiguration nor @ContextHierarchy found for test class [com.group.libraryapp.domain.PersonServiceTest], using SpringBootContextLoader
17:06:06.283 [Test worker] DEBUG org.springframework.test.context.support.AbstractContextLoader - Did not detect default resource location for test class [com.group.libraryapp.domain.PersonServiceTest]: class path resource [com/group/libraryapp/domain/PersonServiceTest-context.xml] does not exist
17:06:06.283 [Test worker] DEBUG org.springframework.test.context.support.AbstractContextLoader - Did not detect default resource location for test class [com.group.libraryapp.domain.PersonServiceTest]: class path resource [com/group/libraryapp/domain/PersonServiceTestContext.groovy] does not exist
17:06:06.283 [Test worker] INFO org.springframework.test.context.support.AbstractContextLoader - Could not detect default resource locations for test class [com.group.libraryapp.domain.PersonServiceTest]: no resource found for suffixes {-context.xml, Context.groovy}.
17:06:06.284 [Test worker] INFO org.springframework.test.context.support.AnnotationConfigContextLoaderUtils - Could not detect default configuration classes for test class [com.group.libraryapp.domain.PersonServiceTest]: PersonServiceTest does not declare any static, non-private, non-final, nested classes annotated with @Configuration.
17:06:06.322 [Test worker] DEBUG org.springframework.test.context.support.ActiveProfilesUtils - Could not find an 'annotation declaring class' for annotation type [org.springframework.test.context.ActiveProfiles] and class [com.group.libraryapp.domain.PersonServiceTest]
17:06:06.381 [Test worker] DEBUG org.springframework.context.annotation.ClassPathScanningCandidateComponentProvider - Identified candidate component class: file [/Users/anthony/2023study/library-app/build/classes/java/main/com/group/libraryapp/LibraryAppApplication.class]
17:06:06.382 [Test worker] INFO org.springframework.boot.test.context.SpringBootTestContextBootstrapper - Found @SpringBootConfiguration com.group.libraryapp.LibraryAppApplication for test class com.group.libraryapp.domain.PersonServiceTest
17:06:06.484 [Test worker] DEBUG org.springframework.boot.test.context.SpringBootTestContextBootstrapper - @TestExecutionListeners is not present for class [com.group.libraryapp.domain.PersonServiceTest]: using defaults.
17:06:06.485 [Test worker] INFO org.springframework.boot.test.context.SpringBootTestContextBootstrapper - Loaded default TestExecutionListener class names from location [META-INF/spring.factories]: [org.springframework.boot.test.autoconfigure.restdocs.RestDocsTestExecutionListener, org.springframework.boot.test.autoconfigure.web.client.MockRestServiceServerResetTestExecutionListener, org.springframework.boot.test.autoconfigure.web.servlet.MockMvcPrintOnlyOnFailureTestExecutionListener, org.springframework.boot.test.autoconfigure.web.servlet.WebDriverTestExecutionListener, org.springframework.boot.test.autoconfigure.webservices.client.MockWebServiceServerTestExecutionListener, org.springframework.boot.test.mock.mockito.MockitoTestExecutionListener, org.springframework.boot.test.mock.mockito.ResetMocksTestExecutionListener, org.springframework.test.context.web.ServletTestExecutionListener, org.springframework.test.context.support.DirtiesContextBeforeModesTestExecutionListener, org.springframework.test.context.event.ApplicationEventsTestExecutionListener, org.springframework.test.context.support.DependencyInjectionTestExecutionListener, org.springframework.test.context.support.DirtiesContextTestExecutionListener, org.springframework.test.context.transaction.TransactionalTestExecutionListener, org.springframework.test.context.jdbc.SqlScriptsTestExecutionListener, org.springframework.test.context.event.EventPublishingTestExecutionListener]
17:06:06.499 [Test worker] INFO org.springframework.boot.test.context.SpringBootTestContextBootstrapper - Using TestExecutionListeners: [org.springframework.test.context.web.ServletTestExecutionListener@77b21474, org.springframework.test.context.support.DirtiesContextBeforeModesTestExecutionListener@52d10fb8, org.springframework.test.context.event.ApplicationEventsTestExecutionListener@41c07648, org.springframework.boot.test.mock.mockito.MockitoTestExecutionListener@1fe8d51b, org.springframework.boot.test.autoconfigure.SpringBootDependencyInjectionTestExecutionListener@781e7326, org.springframework.test.context.support.DirtiesContextTestExecutionListener@22680f52, org.springframework.test.context.transaction.TransactionalTestExecutionListener@60d84f61, org.springframework.test.context.jdbc.SqlScriptsTestExecutionListener@39c11e6c, org.springframework.test.context.event.EventPublishingTestExecutionListener@324dcd31, org.springframework.boot.test.autoconfigure.restdocs.RestDocsTestExecutionListener@503d56b5, org.springframework.boot.test.autoconfigure.web.client.MockRestServiceServerResetTestExecutionListener@72bca894, org.springframework.boot.test.autoconfigure.web.servlet.MockMvcPrintOnlyOnFailureTestExecutionListener@433ffad1, org.springframework.boot.test.autoconfigure.web.servlet.WebDriverTestExecutionListener@1fc793c2, org.springframework.boot.test.autoconfigure.webservices.client.MockWebServiceServerTestExecutionListener@2575f671, org.springframework.boot.test.mock.mockito.ResetMocksTestExecutionListener@329a1243]
17:06:06.502 [Test worker] DEBUG org.springframework.test.context.support.AbstractDirtiesContextTestExecutionListener - Before test class: context [DefaultTestContext@588ab592 testClass = PersonServiceTest, testInstance = [null], testMethod = [null], testException = [null], mergedContextConfiguration = [WebMergedContextConfiguration@c8b96ec testClass = PersonServiceTest, locations = '{}', classes = '{class com.group.libraryapp.LibraryAppApplication}', contextInitializerClasses = '[]', activeProfiles = '{}', propertySourceLocations = '{}', propertySourceProperties = '{org.springframework.boot.test.context.SpringBootTestContextBootstrapper=true}', contextCustomizers = set[org.springframework.boot.test.autoconfigure.actuate.metrics.MetricsExportContextCustomizerFactory$DisableMetricExportContextCustomizer@78fbff54, org.springframework.boot.test.autoconfigure.properties.PropertyMappingContextCustomizer@0, org.springframework.boot.test.autoconfigure.web.servlet.WebDriverContextCustomizerFactory$Customizer@1cbf6e72, org.springframework.boot.test.context.filter.ExcludeFilterContextCustomizer@25b2cfcb, org.springframework.boot.test.json.DuplicateJsonObjectContextCustomizerFactory$DuplicateJsonObjectContextCustomizer@21baa903, org.springframework.boot.test.mock.mockito.MockitoContextCustomizer@0, org.springframework.boot.test.web.client.TestRestTemplateContextCustomizer@20a8a64e, org.springframework.boot.test.context.SpringBootTestArgs@1, org.springframework.boot.test.context.SpringBootTestWebEnvironment@54e041a4], resourceBasePath = 'src/main/webapp', contextLoader = 'org.springframework.boot.test.context.SpringBootContextLoader', parent = [null]], attributes = map['org.springframework.test.context.web.ServletTestExecutionListener.activateListener' -> true]], class annotated with @DirtiesContext [false] with mode [null].

  .   ____          _            __ _ _
 /\\ / ___'_ __ _ _(_)_ __  __ _ \ \ \ \
( ( )\___ | '_ | '_| | '_ \/ _` | \ \ \ \
 \\/  ___)| |_)| | | | | || (_| |  ) ) ) )
  '  |____| .__|_| |_|_| |_\__, | / / / /
 =========|_|==============|___/=/_/_/_/
 :: Spring Boot ::                (v2.7.6)

2023-12-03 17:06:06.835  INFO 37519 --- [    Test worker] c.g.libraryapp.domain.PersonServiceTest  : Starting PersonServiceTest using Java 11.0.18 on Anthonyui-MacBookPro.local with PID 37519 (started by anthony in /Users/anthony/2023study/library-app)
2023-12-03 17:06:06.836  INFO 37519 --- [    Test worker] c.g.libraryapp.domain.PersonServiceTest  : The following 1 profile is active: "local"
2023-12-03 17:06:07.373  INFO 37519 --- [    Test worker] .s.d.r.c.RepositoryConfigurationDelegate : Bootstrapping Spring Data JPA repositories in DEFAULT mode.
2023-12-03 17:06:07.430  INFO 37519 --- [    Test worker] .s.d.r.c.RepositoryConfigurationDelegate : Finished Spring Data repository scanning in 50 ms. Found 5 JPA repository interfaces.
2023-12-03 17:06:08.009  INFO 37519 --- [    Test worker] o.hibernate.jpa.internal.util.LogHelper  : HHH000204: Processing PersistenceUnitInfo [name: default]
2023-12-03 17:06:08.055  INFO 37519 --- [    Test worker] org.hibernate.Version                    : HHH000412: Hibernate ORM core version 5.6.14.Final
2023-12-03 17:06:08.203  INFO 37519 --- [    Test worker] o.hibernate.annotations.common.Version   : HCANN000001: Hibernate Commons Annotations {5.1.2.Final}
2023-12-03 17:06:08.291  INFO 37519 --- [    Test worker] com.zaxxer.hikari.HikariDataSource       : HikariPool-1 - Starting...
2023-12-03 17:06:08.376  INFO 37519 --- [    Test worker] com.zaxxer.hikari.HikariDataSource       : HikariPool-1 - Start completed.
2023-12-03 17:06:08.392  INFO 37519 --- [    Test worker] org.hibernate.dialect.Dialect            : HHH000400: Using dialect: org.hibernate.dialect.H2Dialect
Hibernate: 
    
    drop table if exists address CASCADE 
2023-12-03 17:06:09.002  INFO 37519 --- [    Test worker] p6spy                                    : #1701590769002 | took 0ms | statement | connection 1| url jdbc:h2:tcp://localhost/./library

    drop table if exists address CASCADE 

    drop table if exists address CASCADE ;
Hibernate: 
    
    drop table if exists book CASCADE 
2023-12-03 17:06:09.004  INFO 37519 --- [    Test worker] p6spy                                    : #1701590769004 | took 1ms | statement | connection 1| url jdbc:h2:tcp://localhost/./library

    drop table if exists book CASCADE 

    drop table if exists book CASCADE ;
Hibernate: 
    
    drop table if exists person CASCADE 
2023-12-03 17:06:09.005  INFO 37519 --- [    Test worker] p6spy                                    : #1701590769005 | took 0ms | statement | connection 1| url jdbc:h2:tcp://localhost/./library

    drop table if exists person CASCADE 

    drop table if exists person CASCADE ;
Hibernate: 
    
    drop table if exists user CASCADE 
2023-12-03 17:06:09.006  INFO 37519 --- [    Test worker] p6spy                                    : #1701590769006 | took 0ms | statement | connection 1| url jdbc:h2:tcp://localhost/./library

    drop table if exists user CASCADE 

    drop table if exists user CASCADE ;
Hibernate: 
    
    drop table if exists user_loan_history CASCADE 
2023-12-03 17:06:09.007  INFO 37519 --- [    Test worker] p6spy                                    : #1701590769007 | took 0ms | statement | connection 1| url jdbc:h2:tcp://localhost/./library

    drop table if exists user_loan_history CASCADE 

    drop table if exists user_loan_history CASCADE ;
Hibernate: 
    
    create table address (
       id bigint generated by default as identity,
        city varchar(255),
        street varchar(255),
        primary key (id)
    )
2023-12-03 17:06:09.010  INFO 37519 --- [    Test worker] p6spy                                    : #1701590769010 | took 0ms | statement | connection 2| url jdbc:h2:tcp://localhost/./library

    create table address (
       id bigint generated by default as identity,
        city varchar(255),
        street varchar(255),
        primary key (id)
    )

    create table address (
       id bigint generated by default as identity,
        city varchar(255),
        street varchar(255),
        primary key (id)
    );
Hibernate: 
    
    create table book (
       book_id bigint generated by default as identity,
        name varchar(255) not null,
        primary key (book_id)
    )
2023-12-03 17:06:09.012  INFO 37519 --- [    Test worker] p6spy                                    : #1701590769012 | took 0ms | statement | connection 2| url jdbc:h2:tcp://localhost/./library

    create table book (
       book_id bigint generated by default as identity,
        name varchar(255) not null,
        primary key (book_id)
    )

    create table book (
       book_id bigint generated by default as identity,
        name varchar(255) not null,
        primary key (book_id)
    );
Hibernate: 
    
    create table person (
       id bigint generated by default as identity,
        name varchar(255),
        address_id bigint,
        primary key (id)
    )
2023-12-03 17:06:09.013  INFO 37519 --- [    Test worker] p6spy                                    : #1701590769013 | took 0ms | statement | connection 2| url jdbc:h2:tcp://localhost/./library

    create table person (
       id bigint generated by default as identity,
        name varchar(255),
        address_id bigint,
        primary key (id)
    )

    create table person (
       id bigint generated by default as identity,
        name varchar(255),
        address_id bigint,
        primary key (id)
    );
Hibernate: 
    
    create table user (
       user_id bigint generated by default as identity,
        age integer not null,
        name varchar(255) not null,
        primary key (user_id)
    )
2023-12-03 17:06:09.015  INFO 37519 --- [    Test worker] p6spy                                    : #1701590769015 | took 0ms | statement | connection 2| url jdbc:h2:tcp://localhost/./library

    create table user (
       user_id bigint generated by default as identity,
        age integer not null,
        name varchar(255) not null,
        primary key (user_id)
    )

    create table user (
       user_id bigint generated by default as identity,
        age integer not null,
        name varchar(255) not null,
        primary key (user_id)
    );
Hibernate: 
    
    create table user_loan_history (
       id bigint generated by default as identity,
        book_name varchar(255),
        is_returned boolean not null,
        user_id bigint,
        primary key (id)
    )
2023-12-03 17:06:09.016  INFO 37519 --- [    Test worker] p6spy                                    : #1701590769016 | took 0ms | statement | connection 2| url jdbc:h2:tcp://localhost/./library

    create table user_loan_history (
       id bigint generated by default as identity,
        book_name varchar(255),
        is_returned boolean not null,
        user_id bigint,
        primary key (id)
    )

    create table user_loan_history (
       id bigint generated by default as identity,
        book_name varchar(255),
        is_returned boolean not null,
        user_id bigint,
        primary key (id)
    );
Hibernate: 
    
    alter table user 
       add constraint UK_gj2fy3dcix7ph7k8684gka40c unique (name)
2023-12-03 17:06:09.017  INFO 37519 --- [    Test worker] p6spy                                    : #1701590769017 | took 0ms | statement | connection 2| url jdbc:h2:tcp://localhost/./library

    alter table user 
       add constraint UK_gj2fy3dcix7ph7k8684gka40c unique (name)

    alter table user 
       add constraint UK_gj2fy3dcix7ph7k8684gka40c unique (name);
Hibernate: 
    
    alter table person 
       add constraint FKk7rgn6djxsv2j2bv1mvuxd4m9 
       foreign key (address_id) 
       references address
2023-12-03 17:06:09.019  INFO 37519 --- [    Test worker] p6spy                                    : #1701590769019 | took 0ms | statement | connection 2| url jdbc:h2:tcp://localhost/./library

    alter table person 
       add constraint FKk7rgn6djxsv2j2bv1mvuxd4m9 
       foreign key (address_id) 
       references address

    alter table person 
       add constraint FKk7rgn6djxsv2j2bv1mvuxd4m9 
       foreign key (address_id) 
       references address;
Hibernate: 
    
    alter table user_loan_history 
       add constraint FKa17jbf1po26eytdyvyj73b4rw 
       foreign key (user_id) 
       references user
2023-12-03 17:06:09.020  INFO 37519 --- [    Test worker] p6spy                                    : #1701590769020 | took 0ms | statement | connection 2| url jdbc:h2:tcp://localhost/./library

    alter table user_loan_history 
       add constraint FKa17jbf1po26eytdyvyj73b4rw 
       foreign key (user_id) 
       references user

    alter table user_loan_history 
       add constraint FKa17jbf1po26eytdyvyj73b4rw 
       foreign key (user_id) 
       references user;
2023-12-03 17:06:09.022  INFO 37519 --- [    Test worker] o.h.e.t.j.p.i.JtaPlatformInitiator       : HHH000490: Using JtaPlatform implementation: [org.hibernate.engine.transaction.jta.platform.internal.NoJtaPlatform]
2023-12-03 17:06:09.030  INFO 37519 --- [    Test worker] j.LocalContainerEntityManagerFactoryBean : Initialized JPA EntityManagerFactory for persistence unit 'default'
2023-12-03 17:06:09.620  WARN 37519 --- [    Test worker] JpaBaseConfiguration$JpaWebConfiguration : spring.jpa.open-in-view is enabled by default. Therefore, database queries may be performed during view rendering. Explicitly configure spring.jpa.open-in-view to disable this warning
2023-12-03 17:06:10.114  INFO 37519 --- [    Test worker] c.g.libraryapp.domain.PersonServiceTest  : Started PersonServiceTest in 3.579 seconds (JVM running for 4.709)
Hibernate: 
    insert 
    into
        person
        (id, address_id, name) 
    values
        (default, ?, ?)
2023-12-03 17:06:10.254  INFO 37519 --- [    Test worker] p6spy                                    : #1701590770254 | took 3ms | statement | connection 3| url jdbc:h2:tcp://localhost/./library
insert into person (id, address_id, name) values (default, ?, ?)
insert into person (id, address_id, name) values (default, NULL, 'test');
Hibernate: 
    insert 
    into
        address
        (id, city, street) 
    values
        (default, ?, ?)
2023-12-03 17:06:10.264  INFO 37519 --- [    Test worker] p6spy                                    : #1701590770264 | took 0ms | statement | connection 3| url jdbc:h2:tcp://localhost/./library
insert into address (id, city, street) values (default, ?, ?)
insert into address (id, city, street) values (default, 'test', 'test');
address.getPerson() = test
Hibernate: 
    update
        person 
    set
        address_id=?,
        name=? 
    where
        id=?
2023-12-03 17:06:12.083  INFO 37519 --- [    Test worker] p6spy                                    : #1701590772083 | took 0ms | statement | connection 3| url jdbc:h2:tcp://localhost/./library
update person set address_id=?, name=? where id=?
update person set address_id=1, name='test' where id=1;
2023-12-03 17:06:12.086  INFO 37519 --- [    Test worker] p6spy                                    : #1701590772086 | took 0ms | commit | connection 3| url jdbc:h2:tcp://localhost/./library

;
]]></system-out>
  <system-err><![CDATA[]]></system-err>
</testsuite>
